<?xml version="1.0" encoding="UTF-8"?>
<testsuite xmlns:xsi="http://www.w3.org/2001/XMLSchema-instance" xsi:noNamespaceSchemaLocation="https://maven.apache.org/surefire/maven-surefire-plugin/xsd/surefire-test-report.xsd" version="3.0.2" name="com.iluwatar.bytecode.VirtualMachineTest" time="0.099" tests="8" errors="0" skipped="0" failures="0">
  <properties>
[...]
</properties>
  <testcase name="testSpawnParticles" classname="com.iluwatar.bytecode.VirtualMachineTest" time="0.085">
    <system-out><![CDATA[09:58:08.054 [main] INFO com.iluwatar.bytecode.VirtualMachine -- Executed LITERAL, Stack contains [0]
09:58:08.057 [main] INFO com.iluwatar.bytecode.Wizard -- Spawning particles
09:58:08.057 [main] INFO com.iluwatar.bytecode.VirtualMachine -- Executed SPAWN_PARTICLES, Stack contains []
]]></system-out>
  </testcase>
  <testcase name="testPlaySound" classname="com.iluwatar.bytecode.VirtualMachineTest" time="0.001">
    <system-out><![CDATA[09:58:08.059 [main] INFO com.iluwatar.bytecode.VirtualMachine -- Executed LITERAL, Stack contains [0]
09:58:08.060 [main] INFO com.iluwatar.bytecode.Wizard -- Playing sound
09:58:08.060 [main] INFO com.iluwatar.bytecode.VirtualMachine -- Executed PLAY_SOUND, Stack contains []
]]></system-out>
  </testcase>
  <testcase name="testLiteral" classname="com.iluwatar.bytecode.VirtualMachineTest" time="0.002">
    <system-out><![CDATA[09:58:08.061 [main] INFO com.iluwatar.bytecode.VirtualMachine -- Executed LITERAL, Stack contains [10]
]]></system-out>
  </testcase>
  <testcase name="testSetHealth" classname="com.iluwatar.bytecode.VirtualMachineTest" time="0.001">
    <system-out><![CDATA[09:58:08.064 [main] INFO com.iluwatar.bytecode.VirtualMachine -- Executed LITERAL, Stack contains [0]
09:58:08.064 [main] INFO com.iluwatar.bytecode.VirtualMachine -- Executed LITERAL, Stack contains [0, 50]
09:58:08.064 [main] INFO com.iluwatar.bytecode.VirtualMachine -- Executed SET_HEALTH, Stack contains []
]]></system-out>
  </testcase>
  <testcase name="testGetHealth" classname="com.iluwatar.bytecode.VirtualMachineTest" time="0.001">
    <system-out><![CDATA[09:58:08.065 [main] INFO com.iluwatar.bytecode.VirtualMachine -- Executed LITERAL, Stack contains [0]
09:58:08.065 [main] INFO com.iluwatar.bytecode.VirtualMachine -- Executed LITERAL, Stack contains [0, 50]
09:58:08.065 [main] INFO com.iluwatar.bytecode.VirtualMachine -- Executed SET_HEALTH, Stack contains []
09:58:08.065 [main] INFO com.iluwatar.bytecode.VirtualMachine -- Executed LITERAL, Stack contains [0]
09:58:08.065 [main] INFO com.iluwatar.bytecode.VirtualMachine -- Executed GET_HEALTH, Stack contains [50]
]]></system-out>
  </testcase>
  <testcase name="testSetAgility" classname="com.iluwatar.bytecode.VirtualMachineTest" time="0.001">
    <system-out><![CDATA[09:58:08.067 [main] INFO com.iluwatar.bytecode.VirtualMachine -- Executed LITERAL, Stack contains [0]
09:58:08.067 [main] INFO com.iluwatar.bytecode.VirtualMachine -- Executed LITERAL, Stack contains [0, 50]
09:58:08.067 [main] INFO com.iluwatar.bytecode.VirtualMachine -- Executed SET_AGILITY, Stack contains []
]]></system-out>
  </testcase>
  <testcase name="testSetWisdom" classname="com.iluwatar.bytecode.VirtualMachineTest" time="0.0">
    <system-out><![CDATA[09:58:08.068 [main] INFO com.iluwatar.bytecode.VirtualMachine -- Executed LITERAL, Stack contains [0]
09:58:08.068 [main] INFO com.iluwatar.bytecode.VirtualMachine -- Executed LITERAL, Stack contains [0, 50]
09:58:08.068 [main] INFO com.iluwatar.bytecode.VirtualMachine -- Executed SET_WISDOM, Stack contains []
]]></system-out>
  </testcase>
  <testcase name="testInvalidInstruction" classname="com.iluwatar.bytecode.VirtualMachineTest" time="0.001"/>
</testsuite>