<?xml version="1.0" encoding="UTF-8"?>
<testsuite xmlns:xsi="http://www.w3.org/2001/XMLSchema-instance" xsi:noNamespaceSchemaLocation="https://maven.apache.org/surefire/maven-surefire-plugin/xsd/surefire-test-report.xsd" version="3.0.2" name="com.iluwatar.doublebuffer.AppTest" time="0.009" tests="1" errors="0" skipped="0" failures="0">
  <properties>
[...]
</properties>
  <testcase name="shouldExecuteApplicationWithoutException" classname="com.iluwatar.doublebuffer.AppTest" time="0.007">
    <system-out><![CDATA[09:34:42.918 [main] INFO com.iluwatar.doublebuffer.Scene -- Start drawing next frame
09:34:42.918 [main] INFO com.iluwatar.doublebuffer.Scene -- Current buffer: 0 Next buffer: 1
09:34:42.918 [main] INFO com.iluwatar.doublebuffer.Scene -- Swap current and next buffer
09:34:42.918 [main] INFO com.iluwatar.doublebuffer.Scene -- Finish swapping
09:34:42.918 [main] INFO com.iluwatar.doublebuffer.Scene -- Current buffer: 1 Next buffer: 0
09:34:42.918 [main] INFO com.iluwatar.doublebuffer.Scene -- Get current buffer: 1
09:34:42.918 [main] INFO com.iluwatar.doublebuffer.App -- Black Pixels:  (1, 1) (3, 2) (5, 6)
09:34:42.918 [main] INFO com.iluwatar.doublebuffer.Scene -- Start drawing next frame
09:34:42.919 [main] INFO com.iluwatar.doublebuffer.Scene -- Current buffer: 1 Next buffer: 0
09:34:42.919 [main] INFO com.iluwatar.doublebuffer.Scene -- Swap current and next buffer
09:34:42.919 [main] INFO com.iluwatar.doublebuffer.Scene -- Finish swapping
09:34:42.919 [main] INFO com.iluwatar.doublebuffer.Scene -- Current buffer: 0 Next buffer: 1
09:34:42.919 [main] INFO com.iluwatar.doublebuffer.Scene -- Get current buffer: 0
09:34:42.919 [main] INFO com.iluwatar.doublebuffer.App -- Black Pixels:  (6, 1) (3, 7)
]]></system-out>
  </testcase>
</testsuite>