<?xml version="1.0" encoding="UTF-8"?>
<testsuite xmlns:xsi="http://www.w3.org/2001/XMLSchema-instance" xsi:noNamespaceSchemaLocation="https://maven.apache.org/surefire/maven-surefire-plugin/xsd/surefire-test-report.xsd" version="3.0.2" name="com.iluwatar.producer.consumer.AppTest" time="10.199" tests="1" errors="0" skipped="0" failures="0">
  <properties>
[...]
</properties>
  <testcase name="shouldExecuteApplicationWithoutException" classname="com.iluwatar.producer.consumer.AppTest" time="10.177">
    <system-out><![CDATA[09:36:51.381 [pool-2-thread-3] INFO com.iluwatar.producer.consumer.Consumer -- Consumer [Consumer_0] consume item [0] produced by [Producer_1]
09:36:51.381 [pool-2-thread-4] INFO com.iluwatar.producer.consumer.Consumer -- Consumer [Consumer_1] consume item [0] produced by [Producer_0]
09:36:51.443 [pool-2-thread-5] INFO com.iluwatar.producer.consumer.Consumer -- Consumer [Consumer_2] consume item [1] produced by [Producer_0]
09:36:51.561 [pool-2-thread-3] INFO com.iluwatar.producer.consumer.Consumer -- Consumer [Consumer_0] consume item [2] produced by [Producer_0]
09:36:52.335 [pool-2-thread-4] INFO com.iluwatar.producer.consumer.Consumer -- Consumer [Consumer_1] consume item [1] produced by [Producer_1]
09:36:52.753 [pool-2-thread-5] INFO com.iluwatar.producer.consumer.Consumer -- Consumer [Consumer_2] consume item [3] produced by [Producer_0]
09:36:53.127 [pool-2-thread-3] INFO com.iluwatar.producer.consumer.Consumer -- Consumer [Consumer_0] consume item [4] produced by [Producer_0]
09:36:53.238 [pool-2-thread-4] INFO com.iluwatar.producer.consumer.Consumer -- Consumer [Consumer_1] consume item [5] produced by [Producer_0]
09:36:53.496 [pool-2-thread-5] INFO com.iluwatar.producer.consumer.Consumer -- Consumer [Consumer_2] consume item [2] produced by [Producer_1]
09:36:53.667 [pool-2-thread-3] INFO com.iluwatar.producer.consumer.Consumer -- Consumer [Consumer_0] consume item [3] produced by [Producer_1]
09:36:54.106 [pool-2-thread-4] INFO com.iluwatar.producer.consumer.Consumer -- Consumer [Consumer_1] consume item [6] produced by [Producer_0]
09:36:54.571 [pool-2-thread-5] INFO com.iluwatar.producer.consumer.Consumer -- Consumer [Consumer_2] consume item [4] produced by [Producer_1]
09:36:54.578 [pool-2-thread-3] INFO com.iluwatar.producer.consumer.Consumer -- Consumer [Consumer_0] consume item [7] produced by [Producer_0]
09:36:54.882 [pool-2-thread-4] INFO com.iluwatar.producer.consumer.Consumer -- Consumer [Consumer_1] consume item [5] produced by [Producer_1]
09:36:55.216 [pool-2-thread-5] INFO com.iluwatar.producer.consumer.Consumer -- Consumer [Consumer_2] consume item [8] produced by [Producer_0]
09:36:55.507 [pool-2-thread-3] INFO com.iluwatar.producer.consumer.Consumer -- Consumer [Consumer_0] consume item [9] produced by [Producer_0]
09:36:55.573 [pool-2-thread-4] INFO com.iluwatar.producer.consumer.Consumer -- Consumer [Consumer_1] consume item [6] produced by [Producer_1]
09:36:55.981 [pool-2-thread-5] INFO com.iluwatar.producer.consumer.Consumer -- Consumer [Consumer_2] consume item [7] produced by [Producer_1]
09:36:56.602 [pool-2-thread-3] INFO com.iluwatar.producer.consumer.Consumer -- Consumer [Consumer_0] consume item [10] produced by [Producer_0]
09:36:56.699 [pool-2-thread-4] INFO com.iluwatar.producer.consumer.Consumer -- Consumer [Consumer_1] consume item [8] produced by [Producer_1]
09:36:57.686 [pool-2-thread-5] INFO com.iluwatar.producer.consumer.Consumer -- Consumer [Consumer_2] consume item [9] produced by [Producer_1]
09:36:57.762 [pool-2-thread-3] INFO com.iluwatar.producer.consumer.Consumer -- Consumer [Consumer_0] consume item [10] produced by [Producer_1]
09:36:57.995 [pool-2-thread-4] INFO com.iluwatar.producer.consumer.Consumer -- Consumer [Consumer_1] consume item [11] produced by [Producer_1]
09:36:58.109 [pool-2-thread-5] INFO com.iluwatar.producer.consumer.Consumer -- Consumer [Consumer_2] consume item [11] produced by [Producer_0]
09:36:58.286 [pool-2-thread-3] INFO com.iluwatar.producer.consumer.Consumer -- Consumer [Consumer_0] consume item [12] produced by [Producer_0]
09:36:58.437 [pool-2-thread-4] INFO com.iluwatar.producer.consumer.Consumer -- Consumer [Consumer_1] consume item [13] produced by [Producer_0]
09:36:58.734 [pool-2-thread-5] INFO com.iluwatar.producer.consumer.Consumer -- Consumer [Consumer_2] consume item [12] produced by [Producer_1]
09:36:58.969 [pool-2-thread-3] INFO com.iluwatar.producer.consumer.Consumer -- Consumer [Consumer_0] consume item [13] produced by [Producer_1]
09:36:59.420 [pool-2-thread-4] INFO com.iluwatar.producer.consumer.Consumer -- Consumer [Consumer_1] consume item [14] produced by [Producer_1]
09:36:59.642 [pool-2-thread-5] INFO com.iluwatar.producer.consumer.Consumer -- Consumer [Consumer_2] consume item [14] produced by [Producer_0]
09:37:00.151 [pool-2-thread-3] INFO com.iluwatar.producer.consumer.Consumer -- Consumer [Consumer_0] consume item [15] produced by [Producer_0]
09:37:00.868 [pool-2-thread-4] INFO com.iluwatar.producer.consumer.Consumer -- Consumer [Consumer_1] consume item [15] produced by [Producer_1]
09:37:01.069 [pool-2-thread-5] INFO com.iluwatar.producer.consumer.Consumer -- Consumer [Consumer_2] consume item [16] produced by [Producer_0]
]]></system-out>
  </testcase>
</testsuite>