<?xml version="1.0" encoding="UTF-8"?>
<testsuite xmlns:xsi="http://www.w3.org/2001/XMLSchema-instance" xsi:noNamespaceSchemaLocation="https://maven.apache.org/surefire/maven-surefire-plugin/xsd/surefire-test-report.xsd" version="3.0.2" name="com.iluwatar.gameloop.AppTest" time="6.025" tests="1" errors="0" skipped="0" failures="0">
  <properties>
[...]
</properties>
  <testcase name="shouldExecuteApplicationWithoutException" classname="com.iluwatar.gameloop.AppTest" time="6.021">
    <system-out><![CDATA[09:41:55.326 [main] INFO com.iluwatar.gameloop.App -- Start frame-based game loop:
09:41:55.436 [Thread-3] INFO com.iluwatar.gameloop.FrameBasedGameLoop -- Current bullet position: 0.5
09:41:55.619 [Thread-3] INFO com.iluwatar.gameloop.FrameBasedGameLoop -- Current bullet position: 1.0
09:41:55.743 [Thread-3] INFO com.iluwatar.gameloop.FrameBasedGameLoop -- Current bullet position: 1.5
09:41:55.978 [Thread-3] INFO com.iluwatar.gameloop.FrameBasedGameLoop -- Current bullet position: 2.0
09:41:56.078 [Thread-3] INFO com.iluwatar.gameloop.FrameBasedGameLoop -- Current bullet position: 2.5
09:41:56.243 [Thread-3] INFO com.iluwatar.gameloop.FrameBasedGameLoop -- Current bullet position: 3.0
09:41:56.294 [Thread-3] INFO com.iluwatar.gameloop.FrameBasedGameLoop -- Current bullet position: 3.5
09:41:56.470 [Thread-3] INFO com.iluwatar.gameloop.FrameBasedGameLoop -- Current bullet position: 4.0
09:41:56.615 [Thread-3] INFO com.iluwatar.gameloop.FrameBasedGameLoop -- Current bullet position: 4.5
09:41:56.839 [Thread-3] INFO com.iluwatar.gameloop.FrameBasedGameLoop -- Current bullet position: 5.0
09:41:56.995 [Thread-3] INFO com.iluwatar.gameloop.FrameBasedGameLoop -- Current bullet position: 5.5
09:41:57.212 [Thread-3] INFO com.iluwatar.gameloop.FrameBasedGameLoop -- Current bullet position: 6.0
09:41:57.286 [Thread-3] INFO com.iluwatar.gameloop.FrameBasedGameLoop -- Current bullet position: 6.5
09:41:57.332 [main] INFO com.iluwatar.gameloop.App -- Stop frame-based game loop.
09:41:57.333 [main] INFO com.iluwatar.gameloop.App -- Start variable-step game loop:
09:41:57.414 [Thread-3] INFO com.iluwatar.gameloop.FrameBasedGameLoop -- Current bullet position: 7.0
09:41:57.577 [Thread-4] INFO com.iluwatar.gameloop.VariableStepGameLoop -- Current bullet position: 0.1205
09:41:57.706 [Thread-4] INFO com.iluwatar.gameloop.VariableStepGameLoop -- Current bullet position: 0.185
09:41:57.899 [Thread-4] INFO com.iluwatar.gameloop.VariableStepGameLoop -- Current bullet position: 0.2815
09:41:58.089 [Thread-4] INFO com.iluwatar.gameloop.VariableStepGameLoop -- Current bullet position: 0.3765
09:41:58.215 [Thread-4] INFO com.iluwatar.gameloop.VariableStepGameLoop -- Current bullet position: 0.4395
09:41:58.433 [Thread-4] INFO com.iluwatar.gameloop.VariableStepGameLoop -- Current bullet position: 0.5485
09:41:58.676 [Thread-4] INFO com.iluwatar.gameloop.VariableStepGameLoop -- Current bullet position: 0.67
09:41:58.916 [Thread-4] INFO com.iluwatar.gameloop.VariableStepGameLoop -- Current bullet position: 0.79
09:41:59.141 [Thread-4] INFO com.iluwatar.gameloop.VariableStepGameLoop -- Current bullet position: 0.90250003
09:41:59.330 [Thread-4] INFO com.iluwatar.gameloop.VariableStepGameLoop -- Current bullet position: 0.99700004
09:41:59.336 [main] INFO com.iluwatar.gameloop.App -- Stop variable-step game loop.
09:41:59.337 [main] INFO com.iluwatar.gameloop.App -- Start fixed-step game loop:
09:41:59.392 [Thread-4] INFO com.iluwatar.gameloop.VariableStepGameLoop -- Current bullet position: 1.028
09:41:59.540 [Thread-5] INFO com.iluwatar.gameloop.FixedStepGameLoop -- Current bullet position: 0.0
09:41:59.667 [Thread-5] INFO com.iluwatar.gameloop.FixedStepGameLoop -- Current bullet position: 0.09999999
09:41:59.777 [Thread-5] INFO com.iluwatar.gameloop.FixedStepGameLoop -- Current bullet position: 0.16
09:41:59.893 [Thread-5] INFO com.iluwatar.gameloop.FixedStepGameLoop -- Current bullet position: 0.22000003
09:42:00.004 [Thread-5] INFO com.iluwatar.gameloop.FixedStepGameLoop -- Current bullet position: 0.27
09:42:00.139 [Thread-5] INFO com.iluwatar.gameloop.FixedStepGameLoop -- Current bullet position: 0.32999995
09:42:00.317 [Thread-5] INFO com.iluwatar.gameloop.FixedStepGameLoop -- Current bullet position: 0.3999999
09:42:00.534 [Thread-5] INFO com.iluwatar.gameloop.FixedStepGameLoop -- Current bullet position: 0.4799998
09:42:00.748 [Thread-5] INFO com.iluwatar.gameloop.FixedStepGameLoop -- Current bullet position: 0.58999974
09:42:00.960 [Thread-5] INFO com.iluwatar.gameloop.FixedStepGameLoop -- Current bullet position: 0.69999963
09:42:01.199 [Thread-5] INFO com.iluwatar.gameloop.FixedStepGameLoop -- Current bullet position: 0.8099995
09:42:01.266 [Thread-5] INFO com.iluwatar.gameloop.FixedStepGameLoop -- Current bullet position: 0.9299994
09:42:01.337 [Thread-5] INFO com.iluwatar.gameloop.FixedStepGameLoop -- Current bullet position: 0.9599994
09:42:01.338 [main] INFO com.iluwatar.gameloop.App -- Stop variable-step game loop.
]]></system-out>
  </testcase>
</testsuite>