<?xml version="1.0" encoding="UTF-8"?>
<testsuite xmlns:xsi="http://www.w3.org/2001/XMLSchema-instance" xsi:noNamespaceSchemaLocation="https://maven.apache.org/surefire/maven-surefire-plugin/xsd/surefire-test-report.xsd" version="3.0.2" name="com.iluwatar.partialresponse.AppTest" time="0.105" tests="1" errors="0" skipped="0" failures="0">
  <properties>
[...]
</properties>
  <testcase name="shouldExecuteApplicationWithoutException" classname="com.iluwatar.partialresponse.AppTest" time="0.103">
    <system-out><![CDATA[09:37:21.446 [main] INFO com.iluwatar.partialresponse.App -- Retrieving full response from server:-
09:37:21.450 [main] INFO com.iluwatar.partialresponse.App -- Get all video information:
09:37:21.450 [main] INFO com.iluwatar.partialresponse.App -- {"id": 1,"title": "Avatar","length": 178,"description": "epic science fiction film","director": "James Cameron","language": "English"}
09:37:21.450 [main] INFO com.iluwatar.partialresponse.App -- ----------------------------------------------------------
09:37:21.450 [main] INFO com.iluwatar.partialresponse.App -- Retrieving partial response from server:-
09:37:21.450 [main] INFO com.iluwatar.partialresponse.App -- Get video @id, @title, @director:
09:37:21.451 [main] INFO com.iluwatar.partialresponse.App -- {"id": 3,"title": "Interstellar","director": "Christopher Nolan"}
09:37:21.451 [main] INFO com.iluwatar.partialresponse.App -- Get video @id, @length:
09:37:21.451 [main] INFO com.iluwatar.partialresponse.App -- {"id": 3,"length": 169}
]]></system-out>
  </testcase>
</testsuite>